<?xml version="1.0" encoding="UTF-8"?>
<testsuite xmlns:xsi="http://www.w3.org/2001/XMLSchema-instance" xsi:noNamespaceSchemaLocation="https://maven.apache.org/surefire/maven-surefire-plugin/xsd/surefire-test-report-3.0.xsd" version="3.0" name="com.deliveryapp.ticketingservice.repository.ticket.TicketRepositoryTest" time="0.03" tests="2" errors="0" skipped="0" failures="0">
  <properties>
[...]
</properties>
  <testcase name="testGivenList_whenGettingAllTickets_thenGetAllTickets" classname="com.deliveryapp.ticketingservice.repository.ticket.TicketRepositoryTest" time="0.008">
    <system-out><![CDATA[2024-11-04 04:12:28,734 [main] INFO  o.s.b.t.c.SpringBootTestContextBootstrapper - Neither @ContextConfiguration nor @ContextHierarchy found for test class [com.deliveryapp.ticketingservice.repository.ticket.TicketRepositoryTest], using SpringBootContextLoader
2024-11-04 04:12:28,734 [main] INFO  o.s.t.c.s.AbstractContextLoader - Could not detect default resource locations for test class [com.deliveryapp.ticketingservice.repository.ticket.TicketRepositoryTest]: no resource found for suffixes {-context.xml, Context.groovy}.
2024-11-04 04:12:28,735 [main] INFO  o.s.b.t.c.SpringBootTestContextBootstrapper - Loaded default TestExecutionListener class names from location [META-INF/spring.factories]: [org.springframework.boot.test.mock.mockito.MockitoTestExecutionListener, org.springframework.boot.test.mock.mockito.ResetMocksTestExecutionListener, org.springframework.boot.test.autoconfigure.restdocs.RestDocsTestExecutionListener, org.springframework.boot.test.autoconfigure.web.client.MockRestServiceServerResetTestExecutionListener, org.springframework.boot.test.autoconfigure.web.servlet.MockMvcPrintOnlyOnFailureTestExecutionListener, org.springframework.boot.test.autoconfigure.web.servlet.WebDriverTestExecutionListener, org.springframework.boot.test.autoconfigure.webservices.client.MockWebServiceServerTestExecutionListener, org.springframework.test.context.web.ServletTestExecutionListener, org.springframework.test.context.support.DirtiesContextBeforeModesTestExecutionListener, org.springframework.test.context.event.ApplicationEventsTestExecutionListener, org.springframework.test.context.support.DependencyInjectionTestExecutionListener, org.springframework.test.context.support.DirtiesContextTestExecutionListener, org.springframework.test.context.transaction.TransactionalTestExecutionListener, org.springframework.test.context.jdbc.SqlScriptsTestExecutionListener, org.springframework.test.context.event.EventPublishingTestExecutionListener, org.springframework.security.test.context.support.WithSecurityContextTestExecutionListener, org.springframework.security.test.context.support.ReactorContextTestExecutionListener]
2024-11-04 04:12:28,735 [main] INFO  o.s.b.t.c.SpringBootTestContextBootstrapper - Using TestExecutionListeners: [org.springframework.test.context.web.ServletTestExecutionListener@74b293bc, org.springframework.test.context.support.DirtiesContextBeforeModesTestExecutionListener@4df0102, org.springframework.test.context.event.ApplicationEventsTestExecutionListener@1dcf3e88, org.springframework.boot.test.mock.mockito.MockitoTestExecutionListener@7273d63e, org.springframework.boot.test.autoconfigure.SpringBootDependencyInjectionTestExecutionListener@123c84bf, org.springframework.test.context.support.DirtiesContextTestExecutionListener@6e9740eb, org.springframework.test.context.transaction.TransactionalTestExecutionListener@a4808cf, org.springframework.test.context.jdbc.SqlScriptsTestExecutionListener@6666fd9e, org.springframework.test.context.event.EventPublishingTestExecutionListener@10899491, org.springframework.security.test.context.support.WithSecurityContextTestExecutionListener@44cd0e73, org.springframework.security.test.context.support.ReactorContextTestExecutionListener@e097855, org.springframework.boot.test.mock.mockito.ResetMocksTestExecutionListener@5fd2ee07, org.springframework.boot.test.autoconfigure.restdocs.RestDocsTestExecutionListener@323c470, org.springframework.boot.test.autoconfigure.web.client.MockRestServiceServerResetTestExecutionListener@2fb1ecf1, org.springframework.boot.test.autoconfigure.web.servlet.MockMvcPrintOnlyOnFailureTestExecutionListener@6abff282, org.springframework.boot.test.autoconfigure.web.servlet.WebDriverTestExecutionListener@22559b04, org.springframework.boot.test.autoconfigure.webservices.client.MockWebServiceServerTestExecutionListener@3f48cb7a]
]]></system-out>
  </testcase>
  <testcase name="testGivenDeliveryId_whenGettingTickets_thenGetTicketForGivenDeliveryId" classname="com.deliveryapp.ticketingservice.repository.ticket.TicketRepositoryTest" time="0.017"/>
</testsuite>